nohup: ignoring input

> schetobot-website@0.1.0 dev
> next dev --turbopack

   ▲ Next.js 15.3.2 (Turbopack)
   - Local:        http://localhost:3000
   - Network:      http://169.254.0.21:3000

 ✓ Starting...
 ✓ Ready in 1323ms
 ○ Compiling / ...
Error: Cannot apply unknown utility class: bg-light-gray
    [2m[at onInvalidCandidate (/home/ubuntu/schetobot-website/node_modules/tailwindcss/dist/lib.js:18:410)][0m
    [2m[at ge (/home/ubuntu/schetobot-website/node_modules/tailwindcss/dist/lib.js:13:29803)][0m
    [2m[at /home/ubuntu/schetobot-website/node_modules/tailwindcss/dist/lib.js:18:373][0m
    [2m[at j (/home/ubuntu/schetobot-website/node_modules/tailwindcss/dist/lib.js:3:1655)][0m
    [2m[at Le (/home/ubuntu/schetobot-website/node_modules/tailwindcss/dist/lib.js:18:172)][0m
    [2m[at ki (/home/ubuntu/schetobot-website/node_modules/tailwindcss/dist/lib.js:35:828)][0m
    [2m[at process.processTicksAndRejections (node:internal/process/task_queues:105:5)][0m
    [2m[at async bi (/home/ubuntu/schetobot-website/node_modules/tailwindcss/dist/lib.js:35:1123)][0m
    [2m[at async _r (/home/ubuntu/schetobot-website/node_modules/@tailwindcss/node/dist/index.js:10:3384)][0m
    [2m[at async p (/home/ubuntu/schetobot-website/node_modules/@tailwindcss/postcss/dist/index.js:10:3991)][0m
 ✓ Compiled / in 4s
 GET / 200 in 4425ms
 HEAD / 200 in 108ms
 GET / 200 in 104ms
 GET / 200 in 110ms
 ○ Compiling /favicon.ico ...
 ✓ Compiled /favicon.ico in 713ms
 GET /favicon.ico?favicon.45db1c09.ico 200 in 987ms
 ⚠ Cross origin request detected from 3000-iwevvptosg49yhtl0rw20-c1d04ca6.manusvm.computer to /_next/* resource. In a future major version of Next.js, you will need to explicitly configure "allowedDevOrigins" in next.config to allow this.
Read more: https://nextjs.org/docs/app/api-reference/config/next-config-js/allowedDevOrigins
 GET / 200 in 102ms
 GET / 200 in 98ms
 GET / 200 in 148ms
 GET / 200 in 107ms
 GET /favicon.ico?favicon.45db1c09.ico 200 in 221ms
 GET / 200 in 110ms
 ○ Compiling /_not-found/page ...
 ✓ Compiled /_not-found/page in 757ms
 GET /services/gfo 404 in 785ms
 GET /services/gfo 404 in 50ms
 GET / 200 in 115ms
 GET / 200 in 116ms
Error: Cannot apply unknown utility class: from-primary
    [2m[at onInvalidCandidate (/home/ubuntu/schetobot-website/node_modules/tailwindcss/dist/lib.js:18:410)][0m
    [2m[at ge (/home/ubuntu/schetobot-website/node_modules/tailwindcss/dist/lib.js:13:29803)][0m
    [2m[at /home/ubuntu/schetobot-website/node_modules/tailwindcss/dist/lib.js:18:373][0m
    [2m[at j (/home/ubuntu/schetobot-website/node_modules/tailwindcss/dist/lib.js:3:1655)][0m
    [2m[at Le (/home/ubuntu/schetobot-website/node_modules/tailwindcss/dist/lib.js:18:172)][0m
    [2m[at ki (/home/ubuntu/schetobot-website/node_modules/tailwindcss/dist/lib.js:35:828)][0m
    [2m[at process.processTicksAndRejections (node:internal/process/task_queues:105:5)][0m
    [2m[at async bi (/home/ubuntu/schetobot-website/node_modules/tailwindcss/dist/lib.js:35:1123)][0m
    [2m[at async _r (/home/ubuntu/schetobot-website/node_modules/@tailwindcss/node/dist/index.js:10:3384)][0m
    [2m[at async p (/home/ubuntu/schetobot-website/node_modules/@tailwindcss/postcss/dist/index.js:10:3991)][0m

-----
[1m[31mFATAL[39m[0m: An unexpected Turbopack error occurred. A panic log has been written to /tmp/next-panic-9ce2d3ca763d9969f7dce111f192139b.log.

To help make Turbopack better, report this error by clicking here: https://github.com/vercel/next.js/discussions/new?category=turbopack-error-report&title=Turbopack%20Error%3A%20%5Bproject%5D%2Fsrc%2Fapp%2Fglobals.css%20%5Bapp-client%5D%20%28css%29&body=Turbopack%20version%3A%20%603def5ff9%60%0A%0AError%20message%3A%0A%60%60%60%0ATurbopack%20Error%3A%20%5Bproject%5D%2Fsrc%2Fapp%2Fglobals.css%20%5Bapp-client%5D%20%28css%29%0A%60%60%60&labels=Turbopack,Turbopack%20Panic%20Backtrace
-----

 ✓ Compiled in 16.6s
[?25h
